<?xml version="1.0" encoding="UTF-8"?>
<!-- Generated by org.testng.reporters.JUnitXMLReporter -->
<testsuite hostname="DESKTOP-72TFST5" ignored="0" name="Test new" tests="5" failures="2" timestamp="19 Feb 2019 19:41:03 GMT" time="37.25" errors="0">
  <testcase name="Facebook" time="6.179" classname="Testngexample.Login"/>
  <testcase name="Facebook" time="6.698" classname="Testngexample.Annotations"/>
  <testcase name="Facebook1" time="9.103" classname="Testngexample.Annotation2"/>
  <testcase name="Google" time="0.403" classname="Testngexample.Annotations">
    <failure type="java.lang.AssertionError" message="expected [Google] but found [wwww.google.com]">
      <![CDATA[java.lang.AssertionError: expected [Google] but found [wwww.google.com]
at Testngexample.Annotations.Google(Annotations.java:39)
... Removed 31 stack frames]]>
    </failure>
  </testcase> <!-- Google -->
  <testcase name="Google2" time="0.387" classname="Testngexample.Annotation2">
    <failure type="java.lang.AssertionError" message="expected [Google] but found [wwww.google.com]">
      <![CDATA[java.lang.AssertionError: expected [Google] but found [wwww.google.com]
at Testngexample.Annotation2.Google2(Annotation2.java:35)
... Removed 31 stack frames]]>
    </failure>
  </testcase> <!-- Google2 -->
</testsuite> <!-- Test new -->
