<?xml version="1.0" encoding="UTF-8"?>
<testng-results skipped="0" failed="0" ignored="0" total="1" passed="1">
  <reporter-output>
  </reporter-output>
  <suite name="Default suite" duration-ms="6412" started-at="2019-02-25T00:58:34Z" finished-at="2019-02-25T00:58:41Z">
    <groups>
    </groups>
    <test name="Default test" duration-ms="6412" started-at="2019-02-25T00:58:34Z" finished-at="2019-02-25T00:58:41Z">
      <class name="Testngexample.Login">
        <test-method status="PASS" signature="Facebook()[pri:0, instance:Testngexample.Login@51efea79]" name="Facebook" duration-ms="6388" started-at="2019-02-25T00:58:34Z" finished-at="2019-02-25T00:58:41Z">
          <reporter-output>
          </reporter-output>
        </test-method> <!-- Facebook -->
      </class> <!-- Testngexample.Login -->
    </test> <!-- Default test -->
  </suite> <!-- Default suite -->
</testng-results>
